start to run
Traceback (most recent call last):
  File "/dss/dssfs05/pn39qo/pn39qo-dss-0001/tong/miniconda3/envs/verl/lib/python3.10/site-packages/hydra/_internal/config_loader_impl.py", line 390, in _apply_overrides_to_config
    OmegaConf.update(cfg, key, value, merge=True)
  File "/dss/dssfs05/pn39qo/pn39qo-dss-0001/tong/miniconda3/envs/verl/lib/python3.10/site-packages/omegaconf/omegaconf.py", line 741, in update
    root.__setattr__(last_key, value)
  File "/dss/dssfs05/pn39qo/pn39qo-dss-0001/tong/miniconda3/envs/verl/lib/python3.10/site-packages/omegaconf/dictconfig.py", line 337, in __setattr__
    raise e
  File "/dss/dssfs05/pn39qo/pn39qo-dss-0001/tong/miniconda3/envs/verl/lib/python3.10/site-packages/omegaconf/dictconfig.py", line 334, in __setattr__
    self.__set_impl(key, value)
  File "/dss/dssfs05/pn39qo/pn39qo-dss-0001/tong/miniconda3/envs/verl/lib/python3.10/site-packages/omegaconf/dictconfig.py", line 318, in __set_impl
    self._set_item_impl(key, value)
  File "/dss/dssfs05/pn39qo/pn39qo-dss-0001/tong/miniconda3/envs/verl/lib/python3.10/site-packages/omegaconf/basecontainer.py", line 549, in _set_item_impl
    self._validate_set(key, value)
  File "/dss/dssfs05/pn39qo/pn39qo-dss-0001/tong/miniconda3/envs/verl/lib/python3.10/site-packages/omegaconf/dictconfig.py", line 180, in _validate_set
    target = self._get_node(key) if key is not None else self
  File "/dss/dssfs05/pn39qo/pn39qo-dss-0001/tong/miniconda3/envs/verl/lib/python3.10/site-packages/omegaconf/dictconfig.py", line 475, in _get_node
    self._validate_get(key)
  File "/dss/dssfs05/pn39qo/pn39qo-dss-0001/tong/miniconda3/envs/verl/lib/python3.10/site-packages/omegaconf/dictconfig.py", line 164, in _validate_get
    self._format_and_raise(
  File "/dss/dssfs05/pn39qo/pn39qo-dss-0001/tong/miniconda3/envs/verl/lib/python3.10/site-packages/omegaconf/base.py", line 231, in _format_and_raise
    format_and_raise(
  File "/dss/dssfs05/pn39qo/pn39qo-dss-0001/tong/miniconda3/envs/verl/lib/python3.10/site-packages/omegaconf/_utils.py", line 899, in format_and_raise
    _raise(ex, cause)
  File "/dss/dssfs05/pn39qo/pn39qo-dss-0001/tong/miniconda3/envs/verl/lib/python3.10/site-packages/omegaconf/_utils.py", line 797, in _raise
    raise ex.with_traceback(sys.exc_info()[2])  # set env var OC_CAUSE=1 for full trace
omegaconf.errors.ConfigAttributeError: Key 'use_multi_prompt' is not in struct
    full_key: actor_rollout_ref.rollout.use_multi_prompt
    object_type=dict

The above exception was the direct cause of the following exception:

Traceback (most recent call last):
  File "/dss/dssfs05/pn39qo/pn39qo-dss-0001/tong/miniconda3/envs/verl/lib/python3.10/runpy.py", line 196, in _run_module_as_main
    return _run_code(code, main_globals, None,
  File "/dss/dssfs05/pn39qo/pn39qo-dss-0001/tong/miniconda3/envs/verl/lib/python3.10/runpy.py", line 86, in _run_code
    exec(code, run_globals)
  File "/dss/dssfs05/pn39qo/pn39qo-dss-0001/tong/grpo/verl/verl/trainer/main_ppo.py", line 350, in <module>
    main()
  File "/dss/dssfs05/pn39qo/pn39qo-dss-0001/tong/miniconda3/envs/verl/lib/python3.10/site-packages/hydra/main.py", line 94, in decorated_main
    _run_hydra(
  File "/dss/dssfs05/pn39qo/pn39qo-dss-0001/tong/miniconda3/envs/verl/lib/python3.10/site-packages/hydra/_internal/utils.py", line 394, in _run_hydra
    _run_app(
  File "/dss/dssfs05/pn39qo/pn39qo-dss-0001/tong/miniconda3/envs/verl/lib/python3.10/site-packages/hydra/_internal/utils.py", line 457, in _run_app
    run_and_report(
  File "/dss/dssfs05/pn39qo/pn39qo-dss-0001/tong/miniconda3/envs/verl/lib/python3.10/site-packages/hydra/_internal/utils.py", line 223, in run_and_report
    raise ex
  File "/dss/dssfs05/pn39qo/pn39qo-dss-0001/tong/miniconda3/envs/verl/lib/python3.10/site-packages/hydra/_internal/utils.py", line 220, in run_and_report
    return func()
  File "/dss/dssfs05/pn39qo/pn39qo-dss-0001/tong/miniconda3/envs/verl/lib/python3.10/site-packages/hydra/_internal/utils.py", line 458, in <lambda>
    lambda: hydra.run(
  File "/dss/dssfs05/pn39qo/pn39qo-dss-0001/tong/miniconda3/envs/verl/lib/python3.10/site-packages/hydra/_internal/hydra.py", line 105, in run
    cfg = self.compose_config(
  File "/dss/dssfs05/pn39qo/pn39qo-dss-0001/tong/miniconda3/envs/verl/lib/python3.10/site-packages/hydra/_internal/hydra.py", line 594, in compose_config
    cfg = self.config_loader.load_configuration(
  File "/dss/dssfs05/pn39qo/pn39qo-dss-0001/tong/miniconda3/envs/verl/lib/python3.10/site-packages/hydra/_internal/config_loader_impl.py", line 142, in load_configuration
    return self._load_configuration_impl(
  File "/dss/dssfs05/pn39qo/pn39qo-dss-0001/tong/miniconda3/envs/verl/lib/python3.10/site-packages/hydra/_internal/config_loader_impl.py", line 276, in _load_configuration_impl
    ConfigLoaderImpl._apply_overrides_to_config(config_overrides, cfg)
  File "/dss/dssfs05/pn39qo/pn39qo-dss-0001/tong/miniconda3/envs/verl/lib/python3.10/site-packages/hydra/_internal/config_loader_impl.py", line 392, in _apply_overrides_to_config
    raise ConfigCompositionException(
hydra.errors.ConfigCompositionException: Could not override 'actor_rollout_ref.rollout.use_multi_prompt'.
To append to your config use +actor_rollout_ref.rollout.use_multi_prompt=True
